<?xml version="1.0" encoding="UTF-8"?>
<!-- Generated by org.testng.reporters.JUnitReportReporter -->
<testsuite hostname="MacBook-Pro.local" failures="0" tests="1" name="docker.StopDocker" time="0.000" errors="0" timestamp="2021-08-29T14:32:18 EDT" skipped="1">
  <testcase classname="docker.StopDocker" name="stoptFile" time="0.000">
    <skipped/>
  </testcase> <!-- stoptFile -->
  <system-out/>
</testsuite> <!-- docker.StopDocker -->
