<?xml version="1.0" encoding="UTF-8"?>
<!-- Generated by org.testng.reporters.JUnitReportReporter -->
<testsuite hostname="MacBook-Pro.local" failures="0" tests="1" name="docker.ChromeTest4" time="10.698" errors="0" timestamp="2021-08-29T18:57:50 EDT" skipped="0">
  <testcase classname="docker.ChromeTest4" name="test4" time="10.698"/>
  <system-out/>
</testsuite> <!-- docker.ChromeTest4 -->
