<?xml version="1.0" encoding="UTF-8"?>
<!-- Generated by org.testng.reporters.JUnitReportReporter -->
<testsuite hostname="MacBook-Pro.local" failures="0" tests="1" name="docker.ChromeTest3" time="0.000" errors="0" timestamp="2021-09-02T23:22:24 EDT" skipped="1">
  <testcase classname="docker.ChromeTest3" name="test3" time="0.000">
    <skipped/>
  </testcase> <!-- test3 -->
  <system-out/>
</testsuite> <!-- docker.ChromeTest3 -->
