<?xml version="1.0" encoding="UTF-8"?>
<!-- Generated by org.testng.reporters.JUnitReportReporter -->
<testsuite hostname="MacBook-Pro.local" failures="0" tests="1" name="docker.ChromeTest2" time="0.000" errors="0" timestamp="2021-08-29T20:47:33 EDT" skipped="1">
  <testcase classname="docker.ChromeTest2" name="test2" time="0.000">
    <skipped/>
  </testcase> <!-- test2 -->
  <system-out/>
</testsuite> <!-- docker.ChromeTest2 -->
