<?xml version="1.0" encoding="UTF-8"?>
<!-- Generated by org.testng.reporters.JUnitReportReporter -->
<testsuite hostname="MacBook-Pro.local" failures="0" tests="1" name="docker.ChromeTest2" time="20.851" errors="0" timestamp="2021-09-05T19:13:01 EDT" skipped="0">
  <testcase classname="docker.ChromeTest2" name="test2" time="20.851"/>
  <system-out/>
</testsuite> <!-- docker.ChromeTest2 -->
