<?xml version="1.0" encoding="UTF-8"?>
<!-- Generated by org.testng.reporters.JUnitReportReporter -->
<testsuite hostname="MacBook-Pro.local" failures="0" tests="1" name="docker.ChromeTest5" time="7.222" errors="0" timestamp="2021-09-05T19:13:01 EDT" skipped="0">
  <testcase classname="docker.ChromeTest5" name="test5" time="7.222"/>
  <system-out/>
</testsuite> <!-- docker.ChromeTest5 -->
