<?xml version="1.0" encoding="UTF-8"?>
<!-- Generated by org.testng.reporters.JUnitReportReporter -->
<testsuite hostname="MacBook-Pro.local" failures="0" tests="1" name="docker.ChromeTest1" time="7.155" errors="0" timestamp="2021-08-29T18:57:50 EDT" skipped="0">
  <testcase classname="docker.ChromeTest1" name="test1" time="7.155"/>
  <system-out/>
</testsuite> <!-- docker.ChromeTest1 -->
