<?xml version="1.0" encoding="UTF-8"?>
<!-- Generated by org.testng.reporters.JUnitReportReporter -->
<testsuite hostname="MacBook-Pro.local" failures="0" tests="1" name="docker.ChromeTest5" time="0.000" errors="0" timestamp="2021-09-02T23:22:24 EDT" skipped="1">
  <testcase classname="docker.ChromeTest5" name="test5" time="0.000">
    <skipped/>
  </testcase> <!-- test5 -->
  <system-out/>
</testsuite> <!-- docker.ChromeTest5 -->
