<?xml version="1.0" encoding="UTF-8"?>
<!-- Generated by org.testng.reporters.JUnitReportReporter -->
<testsuite hostname="MacBook-Pro.local" failures="0" tests="1" name="docker.ChromeTest2" time="17.523" errors="0" timestamp="2021-08-29T18:57:50 EDT" skipped="0">
  <testcase classname="docker.ChromeTest2" name="test2" time="17.523"/>
  <system-out/>
</testsuite> <!-- docker.ChromeTest2 -->
