<?xml version="1.0" encoding="UTF-8"?>
<!-- Generated by org.testng.reporters.JUnitReportReporter -->
<testsuite hostname="MacBook-Pro.local" failures="0" tests="1" name="docker.ChromeTest5" time="9.895" errors="0" timestamp="2021-08-29T18:57:50 EDT" skipped="0">
  <testcase classname="docker.ChromeTest5" name="test5" time="9.895"/>
  <system-out/>
</testsuite> <!-- docker.ChromeTest5 -->
