<?xml version="1.0" encoding="UTF-8"?>
<!-- Generated by org.testng.reporters.JUnitReportReporter -->
<testsuite hostname="MacBook-Pro.local" failures="0" tests="1" name="docker.ChromeTest2" time="16.795" errors="0" timestamp="29 Aug 2021 03:07:02 GMT" skipped="0">
  <testcase classname="docker.ChromeTest2" name="test2" time="16.795"/>
</testsuite> <!-- docker.ChromeTest2 -->
