<?xml version="1.0" encoding="UTF-8"?>
<!-- Generated by org.testng.reporters.JUnitReportReporter -->
<testsuite hostname="MacBook-Pro.local" failures="0" tests="1" name="docker.ChromeTest1" time="9.339" errors="0" timestamp="29 Aug 2021 03:07:02 GMT" skipped="0">
  <testcase classname="docker.ChromeTest1" name="test1" time="9.339"/>
</testsuite> <!-- docker.ChromeTest1 -->
