<?xml version="1.0" encoding="UTF-8"?>
<!-- Generated by org.testng.reporters.JUnitReportReporter -->
<testsuite hostname="MacBook-Pro.local" failures="0" tests="1" name="docker.ChromeTest3" time="9.766" errors="0" timestamp="29 Aug 2021 03:07:02 GMT" skipped="0">
  <testcase classname="docker.ChromeTest3" name="test3" time="9.766"/>
</testsuite> <!-- docker.ChromeTest3 -->
